E: [pulseaudio] backend-ofono.c: Failed to register as a handsfree audio agent with ofono: org.freedesktop.DBus.Error.ServiceUnknown: The name org.ofono was not provided by any .service files
N: [pulseaudio] main.c: 1 sink(s) available.
N: [pulseaudio] main.c:   * index: 0
N: [pulseaudio] main.c: 	name: <alsa_output.pci-0000_00_1b.0.analog-stereo>
N: [pulseaudio] main.c: 	driver: <module-alsa-card.c>
N: [pulseaudio] main.c: 	flags: HARDWARE HW_MUTE_CTRL HW_VOLUME_CTRL DECIBEL_VOLUME LATENCY FLAT_VOLUME DYNAMIC_LATENCY
N: [pulseaudio] main.c: 	state: SUSPENDED
N: [pulseaudio] main.c: 	suspend cause: IDLE 
N: [pulseaudio] main.c: 	priority: 9039
N: [pulseaudio] main.c: 	volume: front-left: 68501 / 105% / 1.15 dB,   front-right: 68501 / 105% / 1.15 dB
N: [pulseaudio] main.c: 	        balance 0.00
N: [pulseaudio] main.c: 	base volume: 65536 / 100% / 0.00 dB
N: [pulseaudio] main.c: 	volume steps: 65537
N: [pulseaudio] main.c: 	muted: no
N: [pulseaudio] main.c: 	current latency: 0.00 ms
N: [pulseaudio] main.c: 	max request: 0 KiB
N: [pulseaudio] main.c: 	max rewind: 0 KiB
N: [pulseaudio] main.c: 	monitor source: 0
N: [pulseaudio] main.c: 	sample spec: s32le 2ch 44100Hz
N: [pulseaudio] main.c: 	channel map: front-left,front-right
N: [pulseaudio] main.c: 	             Stereo
N: [pulseaudio] main.c: 	used by: 0
N: [pulseaudio] main.c: 	linked by: 0
N: [pulseaudio] main.c: 	configured latency: 0.00 ms; range is 0.50 .. 185.76 ms
N: [pulseaudio] main.c: 	card: 1 <alsa_card.pci-0000_00_1b.0>
N: [pulseaudio] main.c: 	module: 8
N: [pulseaudio] main.c: 	properties:
N: [pulseaudio] main.c: 		alsa.resolution_bits = "32"
N: [pulseaudio] main.c: 		device.api = "alsa"
N: [pulseaudio] main.c: 		device.class = "sound"
N: [pulseaudio] main.c: 		alsa.class = "generic"
N: [pulseaudio] main.c: 		alsa.subclass = "generic-mix"
N: [pulseaudio] main.c: 		alsa.name = "CX20751/2 Analog"
N: [pulseaudio] main.c: 		alsa.id = "CX20751/2 Analog"
N: [pulseaudio] main.c: 		alsa.subdevice = "0"
N: [pulseaudio] main.c: 		alsa.subdevice_name = "subdevice #0"
N: [pulseaudio] main.c: 		alsa.device = "0"
N: [pulseaudio] main.c: 		alsa.card = "1"
N: [pulseaudio] main.c: 		alsa.card_name = "HDA Intel PCH"
N: [pulseaudio] main.c: 		alsa.long_card_name = "HDA Intel PCH at 0xc0614000 irq 48"
N: [pulseaudio] main.c: 		alsa.driver_name = "snd_hda_intel"
N: [pulseaudio] main.c: 		device.bus_path = "pci-0000:00:1b.0"
N: [pulseaudio] main.c: 		sysfs.path = "/devices/pci0000:00/0000:00:1b.0/sound/card1"
N: [pulseaudio] main.c: 		device.bus = "pci"
N: [pulseaudio] main.c: 		device.vendor.id = "8086"
N: [pulseaudio] main.c: 		device.vendor.name = "Intel Corporation"
N: [pulseaudio] main.c: 		device.product.id = "9c20"
N: [pulseaudio] main.c: 		device.product.name = "8 Series HD Audio Controller"
N: [pulseaudio] main.c: 		device.form_factor = "internal"
N: [pulseaudio] main.c: 		device.string = "front:1"
N: [pulseaudio] main.c: 		device.buffering.buffer_size = "65536"
N: [pulseaudio] main.c: 		device.buffering.fragment_size = "32768"
N: [pulseaudio] main.c: 		device.access_mode = "mmap+timer"
N: [pulseaudio] main.c: 		device.profile.name = "analog-stereo"
N: [pulseaudio] main.c: 		device.profile.description = "Analog Stereo"
N: [pulseaudio] main.c: 		device.description = "Built-in Audio Analog Stereo"
N: [pulseaudio] main.c: 		alsa.mixer_name = "Conexant CX20751/2"
N: [pulseaudio] main.c: 		alsa.components = "HDA:14f1510f,17aa3801,00100100"
N: [pulseaudio] main.c: 		module-udev-detect.discovered = "1"
N: [pulseaudio] main.c: 		device.icon_name = "audio-card-pci"
N: [pulseaudio] main.c: 	ports:
N: [pulseaudio] main.c: 		analog-output-speaker: Speakers (priority 10000, latency offset 0 usec, available: unknown)
N: [pulseaudio] main.c: 			properties:
N: [pulseaudio] main.c: 				device.icon_name = "audio-speakers"
N: [pulseaudio] main.c: 		analog-output-headphones: Headphones (priority 9000, latency offset 0 usec, available: no)
N: [pulseaudio] main.c: 			properties:
N: [pulseaudio] main.c: 				device.icon_name = "audio-headphones"
N: [pulseaudio] main.c: 	active port: <analog-output-speaker>
N: [pulseaudio] main.c: 2 source(s) available.
N: [pulseaudio] main.c:     index: 0
N: [pulseaudio] main.c: 	name: <alsa_output.pci-0000_00_1b.0.analog-stereo.monitor>
N: [pulseaudio] main.c: 	driver: <module-alsa-card.c>
N: [pulseaudio] main.c: 	flags: DECIBEL_VOLUME LATENCY DYNAMIC_LATENCY
N: [pulseaudio] main.c: 	state: SUSPENDED
N: [pulseaudio] main.c: 	suspend cause: IDLE 
N: [pulseaudio] main.c: 	priority: 1030
N: [pulseaudio] main.c: 	volume: front-left: 65536 / 100% / 0.00 dB,   front-right: 65536 / 100% / 0.00 dB
N: [pulseaudio] main.c: 	        balance 0.00
N: [pulseaudio] main.c: 	base volume: 65536 / 100% / 0.00 dB
N: [pulseaudio] main.c: 	volume steps: 65537
N: [pulseaudio] main.c: 	muted: no
N: [pulseaudio] main.c: 	current latency: 0.00 ms
N: [pulseaudio] main.c: 	max rewind: 0 KiB
N: [pulseaudio] main.c: 	sample spec: s32le 2ch 44100Hz
N: [pulseaudio] main.c: 	channel map: front-left,front-right
N: [pulseaudio] main.c: 	             Stereo
N: [pulseaudio] main.c: 	used by: 0
N: [pulseaudio] main.c: 	linked by: 0
N: [pulseaudio] main.c: 	configured latency: 0.00 ms; range is 0.50 .. 185.76 ms
N: [pulseaudio] main.c: 	monitor_of: 0
N: [pulseaudio] main.c: 	card: 1 <alsa_card.pci-0000_00_1b.0>
N: [pulseaudio] main.c: 	module: 8
N: [pulseaudio] main.c: 	properties:
N: [pulseaudio] main.c: 		device.description = "Monitor of Built-in Audio Analog Stereo"
N: [pulseaudio] main.c: 		device.class = "monitor"
N: [pulseaudio] main.c: 		alsa.card = "1"
N: [pulseaudio] main.c: 		alsa.card_name = "HDA Intel PCH"
N: [pulseaudio] main.c: 		alsa.long_card_name = "HDA Intel PCH at 0xc0614000 irq 48"
N: [pulseaudio] main.c: 		alsa.driver_name = "snd_hda_intel"
N: [pulseaudio] main.c: 		device.bus_path = "pci-0000:00:1b.0"
N: [pulseaudio] main.c: 		sysfs.path = "/devices/pci0000:00/0000:00:1b.0/sound/card1"
N: [pulseaudio] main.c: 		device.bus = "pci"
N: [pulseaudio] main.c: 		device.vendor.id = "8086"
N: [pulseaudio] main.c: 		device.vendor.name = "Intel Corporation"
N: [pulseaudio] main.c: 		device.product.id = "9c20"
N: [pulseaudio] main.c: 		device.product.name = "8 Series HD Audio Controller"
N: [pulseaudio] main.c: 		device.form_factor = "internal"
N: [pulseaudio] main.c: 		device.string = "1"
N: [pulseaudio] main.c: 		module-udev-detect.discovered = "1"
N: [pulseaudio] main.c: 		device.icon_name = "audio-card-pci"
N: [pulseaudio] main.c:   * index: 1
N: [pulseaudio] main.c: 	name: <alsa_input.pci-0000_00_1b.0.analog-stereo>
N: [pulseaudio] main.c: 	driver: <module-alsa-card.c>
N: [pulseaudio] main.c: 	flags: HARDWARE HW_MUTE_CTRL HW_VOLUME_CTRL DECIBEL_VOLUME LATENCY DYNAMIC_LATENCY
N: [pulseaudio] main.c: 	state: SUSPENDED
N: [pulseaudio] main.c: 	suspend cause: IDLE 
N: [pulseaudio] main.c: 	priority: 9039
N: [pulseaudio] main.c: 	volume: front-left: 66320 / 101% / 0.31 dB,   front-right: 66320 / 101% / 0.31 dB
N: [pulseaudio] main.c: 	        balance 0.00
N: [pulseaudio] main.c: 	base volume: 13076 /  20% / -42.00 dB
N: [pulseaudio] main.c: 	volume steps: 65537
N: [pulseaudio] main.c: 	muted: no
N: [pulseaudio] main.c: 	current latency: 0.00 ms
N: [pulseaudio] main.c: 	max rewind: 0 KiB
N: [pulseaudio] main.c: 	sample spec: s32le 2ch 44100Hz
N: [pulseaudio] main.c: 	channel map: front-left,front-right
N: [pulseaudio] main.c: 	             Stereo
N: [pulseaudio] main.c: 	used by: 0
N: [pulseaudio] main.c: 	linked by: 0
N: [pulseaudio] main.c: 	configured latency: 0.00 ms; range is 0.50 .. 185.76 ms
N: [pulseaudio] main.c: 	card: 1 <alsa_card.pci-0000_00_1b.0>
N: [pulseaudio] main.c: 	module: 8
N: [pulseaudio] main.c: 	properties:
N: [pulseaudio] main.c: 		alsa.resolution_bits = "32"
N: [pulseaudio] main.c: 		device.api = "alsa"
N: [pulseaudio] main.c: 		device.class = "sound"
N: [pulseaudio] main.c: 		alsa.class = "generic"
N: [pulseaudio] main.c: 		alsa.subclass = "generic-mix"
N: [pulseaudio] main.c: 		alsa.name = "CX20751/2 Analog"
N: [pulseaudio] main.c: 		alsa.id = "CX20751/2 Analog"
N: [pulseaudio] main.c: 		alsa.subdevice = "0"
N: [pulseaudio] main.c: 		alsa.subdevice_name = "subdevice #0"
N: [pulseaudio] main.c: 		alsa.device = "0"
N: [pulseaudio] main.c: 		alsa.card = "1"
N: [pulseaudio] main.c: 		alsa.card_name = "HDA Intel PCH"
N: [pulseaudio] main.c: 		alsa.long_card_name = "HDA Intel PCH at 0xc0614000 irq 48"
N: [pulseaudio] main.c: 		alsa.driver_name = "snd_hda_intel"
N: [pulseaudio] main.c: 		device.bus_path = "pci-0000:00:1b.0"
N: [pulseaudio] main.c: 		sysfs.path = "/devices/pci0000:00/0000:00:1b.0/sound/card1"
N: [pulseaudio] main.c: 		device.bus = "pci"
N: [pulseaudio] main.c: 		device.vendor.id = "8086"
N: [pulseaudio] main.c: 		device.vendor.name = "Intel Corporation"
N: [pulseaudio] main.c: 		device.product.id = "9c20"
N: [pulseaudio] main.c: 		device.product.name = "8 Series HD Audio Controller"
N: [pulseaudio] main.c: 		device.form_factor = "internal"
N: [pulseaudio] main.c: 		device.string = "front:1"
N: [pulseaudio] main.c: 		device.buffering.buffer_size = "65536"
N: [pulseaudio] main.c: 		device.buffering.fragment_size = "32768"
N: [pulseaudio] main.c: 		device.access_mode = "mmap+timer"
N: [pulseaudio] main.c: 		device.profile.name = "analog-stereo"
N: [pulseaudio] main.c: 		device.profile.description = "Analog Stereo"
N: [pulseaudio] main.c: 		device.description = "Built-in Audio Analog Stereo"
N: [pulseaudio] main.c: 		alsa.mixer_name = "Conexant CX20751/2"
N: [pulseaudio] main.c: 		alsa.components = "HDA:14f1510f,17aa3801,00100100"
N: [pulseaudio] main.c: 		module-udev-detect.discovered = "1"
N: [pulseaudio] main.c: 		device.icon_name = "audio-card-pci"
N: [pulseaudio] main.c: 	ports:
N: [pulseaudio] main.c: 		analog-input-internal-mic: Internal Microphone (priority 8900, latency offset 0 usec, available: unknown)
N: [pulseaudio] main.c: 			properties:
N: [pulseaudio] main.c: 				device.icon_name = "audio-input-microphone"
N: [pulseaudio] main.c: 		analog-input-mic: Microphone (priority 8700, latency offset 0 usec, available: no)
N: [pulseaudio] main.c: 			properties:
N: [pulseaudio] main.c: 				device.icon_name = "audio-input-microphone"
N: [pulseaudio] main.c: 	active port: <analog-input-internal-mic>
N: [pulseaudio] main.c: 0 sink input(s) available.
N: [pulseaudio] main.c: 0 source output(s) available.
N: [pulseaudio] main.c: 7 client(s) logged in.
N: [pulseaudio] main.c:     index: 0
N: [pulseaudio] main.c: 	driver: <module-systemd-login.c>
N: [pulseaudio] main.c: 	owner module: 20
N: [pulseaudio] main.c: 	properties:
N: [pulseaudio] main.c: 		application.name = "Login Session 3"
N: [pulseaudio] main.c: 		systemd-login.session = "3"
N: [pulseaudio] main.c:     index: 1
N: [pulseaudio] main.c: 	driver: <protocol-native.c>
N: [pulseaudio] main.c: 	owner module: 13
N: [pulseaudio] main.c: 	properties:
N: [pulseaudio] main.c: 		application.name = "GNOME Volume Control Media Keys"
N: [pulseaudio] main.c: 		native-protocol.peer = "UNIX socket client"
N: [pulseaudio] main.c: 		native-protocol.version = "32"
N: [pulseaudio] main.c: 		application.id = "org.gnome.VolumeControl"
N: [pulseaudio] main.c: 		application.icon_name = "multimedia-volume-control"
N: [pulseaudio] main.c: 		application.version = ""
N: [pulseaudio] main.c: 		application.process.id = "3736"
N: [pulseaudio] main.c: 		application.process.user = "ilay"
N: [pulseaudio] main.c: 		application.process.host = "ilay-lenovo"
N: [pulseaudio] main.c: 		application.process.binary = "gsd-media-keys"
N: [pulseaudio] main.c: 		application.language = "en_US.UTF-8"
N: [pulseaudio] main.c: 		window.x11.display = ":0"
N: [pulseaudio] main.c: 		application.process.machine_id = "d8896e7d903b42feb8e33439c1279c20"
N: [pulseaudio] main.c: 		application.process.session_id = "3"
N: [pulseaudio] main.c:     index: 2
N: [pulseaudio] main.c: 	driver: <protocol-native.c>
N: [pulseaudio] main.c: 	owner module: 13
N: [pulseaudio] main.c: 	properties:
N: [pulseaudio] main.c: 		application.name = "GNOME Shell Volume Control"
N: [pulseaudio] main.c: 		native-protocol.peer = "UNIX socket client"
N: [pulseaudio] main.c: 		native-protocol.version = "32"
N: [pulseaudio] main.c: 		application.id = "org.gnome.VolumeControl"
N: [pulseaudio] main.c: 		application.icon_name = "multimedia-volume-control"
N: [pulseaudio] main.c: 		application.version = "3.28.4"
N: [pulseaudio] main.c: 		application.process.id = "3593"
N: [pulseaudio] main.c: 		application.process.user = "ilay"
N: [pulseaudio] main.c: 		application.process.host = "ilay-lenovo"
N: [pulseaudio] main.c: 		application.process.binary = "gnome-shell"
N: [pulseaudio] main.c: 		application.language = "en_US.UTF-8"
N: [pulseaudio] main.c: 		window.x11.display = ":0"
N: [pulseaudio] main.c: 		application.process.machine_id = "d8896e7d903b42feb8e33439c1279c20"
N: [pulseaudio] main.c: 		application.process.session_id = "3"
N: [pulseaudio] main.c:     index: 3
N: [pulseaudio] main.c: 	driver: <protocol-native.c>
N: [pulseaudio] main.c: 	owner module: 13
N: [pulseaudio] main.c: 	properties:
N: [pulseaudio] main.c: 		application.name = "GNOME Shell"
N: [pulseaudio] main.c: 		native-protocol.peer = "UNIX socket client"
N: [pulseaudio] main.c: 		native-protocol.version = "32"
N: [pulseaudio] main.c: 		application.id = "org.gnome.Shell"
N: [pulseaudio] main.c: 		application.icon_name = "start-here"
N: [pulseaudio] main.c: 		application.language = "en_US.UTF-8"
N: [pulseaudio] main.c: 		window.x11.screen = "0"
N: [pulseaudio] main.c: 		window.x11.display = ":0"
N: [pulseaudio] main.c: 		application.process.id = "3593"
N: [pulseaudio] main.c: 		application.process.user = "ilay"
N: [pulseaudio] main.c: 		application.process.host = "ilay-lenovo"
N: [pulseaudio] main.c: 		application.process.binary = "gnome-shell"
N: [pulseaudio] main.c: 		application.process.machine_id = "d8896e7d903b42feb8e33439c1279c20"
N: [pulseaudio] main.c: 		application.process.session_id = "3"
N: [pulseaudio] main.c:     index: 4
N: [pulseaudio] main.c: 	driver: <protocol-native.c>
N: [pulseaudio] main.c: 	owner module: 13
N: [pulseaudio] main.c: 	properties:
N: [pulseaudio] main.c: 		application.name = "Firefox"
N: [pulseaudio] main.c: 		native-protocol.peer = "UNIX socket client"
N: [pulseaudio] main.c: 		native-protocol.version = "32"
N: [pulseaudio] main.c: 		application.process.id = "5493"
N: [pulseaudio] main.c: 		application.process.user = "ilay"
N: [pulseaudio] main.c: 		application.process.host = "ilay-lenovo"
N: [pulseaudio] main.c: 		application.process.binary = "firefox"
N: [pulseaudio] main.c: 		application.language = "en_US.UTF-8"
N: [pulseaudio] main.c: 		window.x11.display = ":0"
N: [pulseaudio] main.c: 		application.process.machine_id = "d8896e7d903b42feb8e33439c1279c20"
N: [pulseaudio] main.c: 		application.process.session_id = "3"
N: [pulseaudio] main.c: 		application.icon_name = "firefox"
N: [pulseaudio] main.c:     index: 5
N: [pulseaudio] main.c: 	driver: <protocol-native.c>
N: [pulseaudio] main.c: 	owner module: 13
N: [pulseaudio] main.c: 	properties:
N: [pulseaudio] main.c: 		application.name = "Firefox"
N: [pulseaudio] main.c: 		native-protocol.peer = "UNIX socket client"
N: [pulseaudio] main.c: 		native-protocol.version = "32"
N: [pulseaudio] main.c: 		application.icon_name = "firefox"
N: [pulseaudio] main.c: 		application.version = "73.0"
N: [pulseaudio] main.c: 		application.process.id = "5493"
N: [pulseaudio] main.c: 		application.process.user = "ilay"
N: [pulseaudio] main.c: 		application.process.host = "ilay-lenovo"
N: [pulseaudio] main.c: 		application.process.binary = "firefox"
N: [pulseaudio] main.c: 		application.language = "en_US.UTF-8"
N: [pulseaudio] main.c: 		window.x11.display = ":0"
N: [pulseaudio] main.c: 		application.process.machine_id = "d8896e7d903b42feb8e33439c1279c20"
N: [pulseaudio] main.c: 		application.process.session_id = "3"
N: [pulseaudio] main.c:     index: 6
N: [pulseaudio] main.c: 	driver: <protocol-native.c>
N: [pulseaudio] main.c: 	owner module: 13
N: [pulseaudio] main.c: 	properties:
N: [pulseaudio] main.c: 		application.name = "libcanberra"
N: [pulseaudio] main.c: 		native-protocol.peer = "UNIX socket client"
N: [pulseaudio] main.c: 		native-protocol.version = "32"
N: [pulseaudio] main.c: 		application.version = "0.30"
N: [pulseaudio] main.c: 		application.id = "org.freedesktop.libcanberra"
N: [pulseaudio] main.c: 		application.process.id = "3736"
N: [pulseaudio] main.c: 		application.process.user = "ilay"
N: [pulseaudio] main.c: 		application.process.host = "ilay-lenovo"
N: [pulseaudio] main.c: 		application.process.binary = "gsd-media-keys"
N: [pulseaudio] main.c: 		application.language = "en_US.UTF-8"
N: [pulseaudio] main.c: 		window.x11.display = ":0"
N: [pulseaudio] main.c: 		application.process.machine_id = "d8896e7d903b42feb8e33439c1279c20"
N: [pulseaudio] main.c: 		application.process.session_id = "3"
N: [pulseaudio] main.c: 2 card(s) available.
N: [pulseaudio] main.c:     index: 0
N: [pulseaudio] main.c: 	name: <alsa_card.pci-0000_00_03.0>
N: [pulseaudio] main.c: 	driver: <module-alsa-card.c>
N: [pulseaudio] main.c: 	owner module: 7
N: [pulseaudio] main.c: 	properties:
N: [pulseaudio] main.c: 		alsa.card = "0"
N: [pulseaudio] main.c: 		alsa.card_name = "HDA Intel HDMI"
N: [pulseaudio] main.c: 		alsa.long_card_name = "HDA Intel HDMI at 0xc0610000 irq 47"
N: [pulseaudio] main.c: 		alsa.driver_name = "snd_hda_intel"
N: [pulseaudio] main.c: 		device.bus_path = "pci-0000:00:03.0"
N: [pulseaudio] main.c: 		sysfs.path = "/devices/pci0000:00/0000:00:03.0/sound/card0"
N: [pulseaudio] main.c: 		device.bus = "pci"
N: [pulseaudio] main.c: 		device.vendor.id = "8086"
N: [pulseaudio] main.c: 		device.vendor.name = "Intel Corporation"
N: [pulseaudio] main.c: 		device.product.id = "0a0c"
N: [pulseaudio] main.c: 		device.product.name = "Haswell-ULT HD Audio Controller"
N: [pulseaudio] main.c: 		device.form_factor = "internal"
N: [pulseaudio] main.c: 		device.string = "0"
N: [pulseaudio] main.c: 		device.description = "Built-in Audio"
N: [pulseaudio] main.c: 		module-udev-detect.discovered = "1"
N: [pulseaudio] main.c: 		device.icon_name = "audio-card-pci"
N: [pulseaudio] main.c: 	profiles:
N: [pulseaudio] main.c: 		output:hdmi-stereo: Digital Stereo (HDMI) Output (priority 5400, available: no)
N: [pulseaudio] main.c: 		output:hdmi-surround: Digital Surround 5.1 (HDMI) Output (priority 300, available: no)
N: [pulseaudio] main.c: 		output:hdmi-surround71: Digital Surround 7.1 (HDMI) Output (priority 300, available: no)
N: [pulseaudio] main.c: 		output:hdmi-stereo-extra1: Digital Stereo (HDMI 2) Output (priority 5200, available: no)
N: [pulseaudio] main.c: 		output:hdmi-surround-extra1: Digital Surround 5.1 (HDMI 2) Output (priority 100, available: no)
N: [pulseaudio] main.c: 		output:hdmi-surround71-extra1: Digital Surround 7.1 (HDMI 2) Output (priority 100, available: no)
N: [pulseaudio] main.c: 		output:hdmi-stereo-extra2: Digital Stereo (HDMI 3) Output (priority 5200, available: no)
N: [pulseaudio] main.c: 		output:hdmi-surround-extra2: Digital Surround 5.1 (HDMI 3) Output (priority 100, available: no)
N: [pulseaudio] main.c: 		output:hdmi-surround71-extra2: Digital Surround 7.1 (HDMI 3) Output (priority 100, available: no)
N: [pulseaudio] main.c: 		output:hdmi-stereo-extra3: Digital Stereo (HDMI 4) Output (priority 5200, available: no)
N: [pulseaudio] main.c: 		output:hdmi-surround-extra3: Digital Surround 5.1 (HDMI 4) Output (priority 100, available: no)
N: [pulseaudio] main.c: 		output:hdmi-surround71-extra3: Digital Surround 7.1 (HDMI 4) Output (priority 100, available: no)
N: [pulseaudio] main.c: 		output:hdmi-stereo-extra4: Digital Stereo (HDMI 5) Output (priority 5200, available: no)
N: [pulseaudio] main.c: 		output:hdmi-surround-extra4: Digital Surround 5.1 (HDMI 5) Output (priority 100, available: no)
N: [pulseaudio] main.c: 		output:hdmi-surround71-extra4: Digital Surround 7.1 (HDMI 5) Output (priority 100, available: no)
N: [pulseaudio] main.c: 		off: Off (priority 0, available: unknown)
N: [pulseaudio] main.c: 	active profile: <off>
N: [pulseaudio] main.c: 	ports:
N: [pulseaudio] main.c: 		hdmi-output-0: HDMI / DisplayPort (priority 5900, latency offset 0 usec, available: no)
N: [pulseaudio] main.c: 			properties:
N: [pulseaudio] main.c: 				device.icon_name = "video-display"
N: [pulseaudio] main.c: 		hdmi-output-1: HDMI / DisplayPort 2 (priority 5800, latency offset 0 usec, available: no)
N: [pulseaudio] main.c: 			properties:
N: [pulseaudio] main.c: 				device.icon_name = "video-display"
N: [pulseaudio] main.c: 		hdmi-output-2: HDMI / DisplayPort 3 (priority 5700, latency offset 0 usec, available: no)
N: [pulseaudio] main.c: 			properties:
N: [pulseaudio] main.c: 				device.icon_name = "video-display"
N: [pulseaudio] main.c: 		hdmi-output-3: HDMI / DisplayPort 4 (priority 5600, latency offset 0 usec, available: no)
N: [pulseaudio] main.c: 			properties:
N: [pulseaudio] main.c: 				device.icon_name = "video-display"
N: [pulseaudio] main.c: 		hdmi-output-4: HDMI / DisplayPort 5 (priority 5500, latency offset 0 usec, available: no)
N: [pulseaudio] main.c: 			properties:
N: [pulseaudio] main.c: 				device.icon_name = "video-display"
N: [pulseaudio] main.c:     index: 1
N: [pulseaudio] main.c: 	name: <alsa_card.pci-0000_00_1b.0>
N: [pulseaudio] main.c: 	driver: <module-alsa-card.c>
N: [pulseaudio] main.c: 	owner module: 8
N: [pulseaudio] main.c: 	properties:
N: [pulseaudio] main.c: 		alsa.card = "1"
N: [pulseaudio] main.c: 		alsa.card_name = "HDA Intel PCH"
N: [pulseaudio] main.c: 		alsa.long_card_name = "HDA Intel PCH at 0xc0614000 irq 48"
N: [pulseaudio] main.c: 		alsa.driver_name = "snd_hda_intel"
N: [pulseaudio] main.c: 		device.bus_path = "pci-0000:00:1b.0"
N: [pulseaudio] main.c: 		sysfs.path = "/devices/pci0000:00/0000:00:1b.0/sound/card1"
N: [pulseaudio] main.c: 		device.bus = "pci"
N: [pulseaudio] main.c: 		device.vendor.id = "8086"
N: [pulseaudio] main.c: 		device.vendor.name = "Intel Corporation"
N: [pulseaudio] main.c: 		device.product.id = "9c20"
N: [pulseaudio] main.c: 		device.product.name = "8 Series HD Audio Controller"
N: [pulseaudio] main.c: 		device.form_factor = "internal"
N: [pulseaudio] main.c: 		device.string = "1"
N: [pulseaudio] main.c: 		device.description = "Built-in Audio"
N: [pulseaudio] main.c: 		module-udev-detect.discovered = "1"
N: [pulseaudio] main.c: 		device.icon_name = "audio-card-pci"
N: [pulseaudio] main.c: 	profiles:
N: [pulseaudio] main.c: 		input:analog-stereo: Analog Stereo Input (priority 60, available: unknown)
N: [pulseaudio] main.c: 		output:analog-stereo: Analog Stereo Output (priority 6000, available: unknown)
N: [pulseaudio] main.c: 		output:analog-stereo+input:analog-stereo: Analog Stereo Duplex (priority 6060, available: unknown)
N: [pulseaudio] main.c: 		off: Off (priority 0, available: unknown)
N: [pulseaudio] main.c: 	active profile: <output:analog-stereo+input:analog-stereo>
N: [pulseaudio] main.c: 	sinks:
N: [pulseaudio] main.c: 		alsa_output.pci-0000_00_1b.0.analog-stereo/#0: Built-in Audio Analog Stereo
N: [pulseaudio] main.c: 	sources:
N: [pulseaudio] main.c: 		alsa_output.pci-0000_00_1b.0.analog-stereo.monitor/#0: Monitor of Built-in Audio Analog Stereo
N: [pulseaudio] main.c: 		alsa_input.pci-0000_00_1b.0.analog-stereo/#1: Built-in Audio Analog Stereo
N: [pulseaudio] main.c: 	ports:
N: [pulseaudio] main.c: 		analog-input-internal-mic: Internal Microphone (priority 8900, latency offset 0 usec, available: unknown)
N: [pulseaudio] main.c: 			properties:
N: [pulseaudio] main.c: 				device.icon_name = "audio-input-microphone"
N: [pulseaudio] main.c: 		analog-input-mic: Microphone (priority 8700, latency offset 0 usec, available: no)
N: [pulseaudio] main.c: 			properties:
N: [pulseaudio] main.c: 				device.icon_name = "audio-input-microphone"
N: [pulseaudio] main.c: 		analog-output-speaker: Speakers (priority 10000, latency offset 0 usec, available: unknown)
N: [pulseaudio] main.c: 			properties:
N: [pulseaudio] main.c: 				device.icon_name = "audio-speakers"
N: [pulseaudio] main.c: 		analog-output-headphones: Headphones (priority 9000, latency offset 0 usec, available: no)
N: [pulseaudio] main.c: 			properties:
N: [pulseaudio] main.c: 				device.icon_name = "audio-headphones"
N: [pulseaudio] main.c: 26 module(s) loaded.
N: [pulseaudio] main.c:     index: 0
N: [pulseaudio] main.c: 	name: <module-device-restore>
N: [pulseaudio] main.c: 	argument: <>
N: [pulseaudio] main.c: 	used: -1
N: [pulseaudio] main.c: 	load once: yes
N: [pulseaudio] main.c: 	properties:
N: [pulseaudio] main.c: 		module.author = "Lennart Poettering"
N: [pulseaudio] main.c: 		module.description = "Automatically restore the volume/mute state of devices"
N: [pulseaudio] main.c: 		module.version = "11.1"
N: [pulseaudio] main.c:     index: 1
N: [pulseaudio] main.c: 	name: <module-stream-restore>
N: [pulseaudio] main.c: 	argument: <>
N: [pulseaudio] main.c: 	used: -1
N: [pulseaudio] main.c: 	load once: yes
N: [pulseaudio] main.c: 	properties:
N: [pulseaudio] main.c: 		module.author = "Lennart Poettering"
N: [pulseaudio] main.c: 		module.description = "Automatically restore the volume/mute/device state of streams"
N: [pulseaudio] main.c: 		module.version = "11.1"
N: [pulseaudio] main.c:     index: 2
N: [pulseaudio] main.c: 	name: <module-card-restore>
N: [pulseaudio] main.c: 	argument: <>
N: [pulseaudio] main.c: 	used: -1
N: [pulseaudio] main.c: 	load once: yes
N: [pulseaudio] main.c: 	properties:
N: [pulseaudio] main.c: 		module.author = "Lennart Poettering"
N: [pulseaudio] main.c: 		module.description = "Automatically restore profile of cards"
N: [pulseaudio] main.c: 		module.version = "11.1"
N: [pulseaudio] main.c:     index: 3
N: [pulseaudio] main.c: 	name: <module-augment-properties>
N: [pulseaudio] main.c: 	argument: <>
N: [pulseaudio] main.c: 	used: -1
N: [pulseaudio] main.c: 	load once: yes
N: [pulseaudio] main.c: 	properties:
N: [pulseaudio] main.c: 		module.author = "Lennart Poettering"
N: [pulseaudio] main.c: 		module.description = "Augment the property sets of streams with additional static information"
N: [pulseaudio] main.c: 		module.version = "11.1"
N: [pulseaudio] main.c:     index: 4
N: [pulseaudio] main.c: 	name: <module-switch-on-port-available>
N: [pulseaudio] main.c: 	argument: <>
N: [pulseaudio] main.c: 	used: -1
N: [pulseaudio] main.c: 	load once: no
N: [pulseaudio] main.c: 	properties:
N: [pulseaudio] main.c:     index: 5
N: [pulseaudio] main.c: 	name: <module-switch-on-connect>
N: [pulseaudio] main.c: 	argument: <>
N: [pulseaudio] main.c: 	used: -1
N: [pulseaudio] main.c: 	load once: yes
N: [pulseaudio] main.c: 	properties:
N: [pulseaudio] main.c: 		module.author = "Michael Terry"
N: [pulseaudio] main.c: 		module.description = "When a sink/source is added, switch to it or conditionally switch to it"
N: [pulseaudio] main.c: 		module.version = "11.1"
N: [pulseaudio] main.c:     index: 6
N: [pulseaudio] main.c: 	name: <module-udev-detect>
N: [pulseaudio] main.c: 	argument: <>
N: [pulseaudio] main.c: 	used: -1
N: [pulseaudio] main.c: 	load once: yes
N: [pulseaudio] main.c: 	properties:
N: [pulseaudio] main.c: 		module.author = "Lennart Poettering"
N: [pulseaudio] main.c: 		module.description = "Detect available audio hardware and load matching drivers"
N: [pulseaudio] main.c: 		module.version =
